SF:lib\core\error\failure.dart
DA:7,6
DA:12,0
DA:13,0
DA:17,0
DA:25,6
DA:32,0
DA:38,0
LF:7
LH:2
end_of_record
SF:lib\features\auth\domain\use_case\delete_user_usecase.dart
DA:11,1
DA:13,0
DA:14,0
DA:20,1
DA:22,1
DA:24,3
LF:6
LH:4
end_of_record
SF:lib\features\auth\domain\entity\user_entity.dart
DA:10,2
DA:18,0
DA:19,0
LF:3
LH:1
end_of_record
SF:lib\features\auth\domain\use_case\register_user_usecase.dart
DA:15,2
DA:22,0
DA:23,0
DA:25,1
DA:26,1
DA:27,1
DA:28,1
DA:29,1
DA:30,1
DA:37,1
DA:38,1
DA:40,1
DA:42,1
DA:43,1
DA:44,1
DA:45,1
DA:47,2
LF:17
LH:15
end_of_record
SF:lib\features\auth\domain\use_case\upload_image_usercase.dart
DA:12,2
DA:21,1
DA:23,1
DA:25,3
LF:4
LH:4
end_of_record
SF:lib\features\auth\presentation\view_model\signup\register_event.dart
DA:4,1
DA:6,0
DA:7,0
DA:13,1
DA:24,1
DA:31,0
DA:32,0
LF:7
LH:3
end_of_record
SF:lib\features\auth\presentation\view_model\signup\register_bloc.dart
DA:16,1
DA:21,2
DA:22,2
DA:23,2
DA:26,1
DA:30,3
DA:31,2
DA:32,1
DA:33,1
DA:37,1
DA:38,1
DA:39,3
DA:40,1
DA:41,3
DA:46,1
DA:48,3
DA:50,1
DA:51,1
DA:52,1
DA:53,1
DA:54,2
DA:57,3
DA:59,2
DA:61,1
DA:63,1
DA:64,0
DA:65,4
LF:27
LH:26
end_of_record
SF:lib\features\auth\presentation\view_model\signup\register_state.dart
DA:11,2
DA:19,1
DA:20,1
DA:21,1
DA:22,1
DA:23,1
DA:24,1
DA:25,1
DA:28,1
DA:35,1
DA:42,1
DA:43,1
DA:44,1
DA:45,1
DA:46,1
DA:47,1
LF:16
LH:16
end_of_record
SF:lib\features\auth\domain\use_case\get_all_user_usecase.dart
DA:11,1
DA:13,1
DA:15,2
LF:3
LH:3
end_of_record
SF:lib\features\auth\domain\use_case\login_user_usecase.dart
DA:12,2
DA:17,0
DA:18,0
DA:19,0
DA:20,0
DA:28,1
DA:30,1
DA:32,6
DA:33,1
DA:34,2
DA:35,1
DA:36,2
DA:37,4
DA:38,1
DA:40,1
LF:15
LH:11
end_of_record
SF:lib\app\shared_prefs\token_shared_prefs.dart
DA:8,0
DA:10,0
DA:12,0
DA:14,0
DA:15,0
DA:17,0
DA:20,0
DA:24,0
DA:26,0
DA:27,0
DA:29,0
LF:11
LH:0
end_of_record
SF:lib\features\auth\presentation\view_model\login\login_state.dart
DA:7,1
DA:12,1
DA:16,1
DA:20,1
DA:21,0
DA:22,1
LF:6
LH:5
end_of_record
SF:lib\features\auth\presentation\view_model\login\login_event.dart
DA:4,1
DA:6,0
DA:7,0
DA:14,1
DA:24,1
DA:35,1
LF:6
LH:4
end_of_record
SF:lib\features\auth\presentation\view_model\login\login_bloc.dart
DA:18,1
DA:25,2
DA:26,2
DA:27,1
DA:28,1
DA:29,1
DA:30,0
DA:31,0
DA:32,0
DA:38,2
DA:39,1
DA:40,1
DA:41,1
DA:42,0
DA:43,0
DA:44,0
DA:51,2
DA:52,3
DA:53,2
DA:54,1
DA:55,1
DA:56,1
DA:60,0
DA:61,0
DA:62,0
DA:63,0
DA:64,0
DA:69,0
DA:70,0
DA:71,0
DA:72,0
DA:73,0
LF:32
LH:16
end_of_record
SF:lib\features\auth\presentation\view\login_view.dart
DA:8,2
DA:10,2
DA:11,2
DA:23,2
DA:25,2
DA:26,2
DA:27,2
DA:28,2
DA:29,2
DA:30,2
DA:31,2
DA:33,2
DA:34,2
DA:36,2
DA:37,2
DA:45,2
DA:46,2
DA:48,2
DA:58,2
DA:59,2
DA:62,2
DA:64,2
DA:65,2
DA:68,2
DA:72,0
DA:73,0
DA:79,2
DA:82,2
DA:84,2
DA:86,2
DA:87,2
DA:90,2
DA:91,2
DA:92,2
DA:97,0
DA:98,0
DA:99,0
DA:100,0
DA:104,2
DA:108,0
DA:109,0
DA:115,2
DA:118,2
DA:119,0
DA:120,0
DA:121,0
DA:122,0
DA:124,0
DA:125,0
DA:133,2
DA:155,2
DA:158,2
DA:159,0
DA:160,0
DA:161,0
DA:163,0
LF:56
LH:38
end_of_record
SF:lib\core\common\snackbar\my_snackbar.dart
DA:3,0
DA:8,0
DA:10,0
DA:11,0
DA:12,0
LF:5
LH:0
end_of_record
SF:lib\features\auth\presentation\view\register_view.dart
DA:12,1
DA:14,1
DA:15,1
DA:26,0
DA:27,0
DA:28,0
DA:29,0
DA:35,0
DA:37,0
DA:39,0
DA:40,0
DA:43,0
DA:49,0
DA:53,1
DA:55,1
DA:56,1
DA:57,1
DA:58,1
DA:66,1
DA:67,1
DA:69,1
DA:82,1
DA:83,1
DA:85,1
DA:86,0
DA:87,0
DA:88,0
DA:89,0
DA:90,0
DA:91,0
DA:97,0
DA:98,0
DA:104,0
DA:105,0
DA:106,0
DA:107,0
DA:117,1
DA:118,0
DA:119,0
DA:120,0
DA:121,0
DA:122,0
DA:123,0
DA:129,0
DA:130,0
DA:138,0
DA:139,0
DA:141,0
DA:142,0
DA:152,1
DA:153,1
DA:154,1
DA:156,1
DA:157,1
DA:158,1
DA:159,1
DA:160,1
DA:161,0
DA:162,0
DA:163,0
DA:171,0
DA:173,0
DA:175,0
DA:176,0
DA:177,0
DA:178,0
DA:179,0
DA:180,0
DA:186,0
DA:187,0
DA:188,0
DA:189,0
DA:190,0
DA:201,1
DA:204,1
DA:206,1
DA:207,0
DA:214,1
DA:215,1
DA:223,0
DA:224,0
DA:230,1
DA:231,1
DA:232,1
DA:240,0
DA:241,0
DA:247,1
DA:248,1
DA:249,1
DA:264,0
DA:265,0
DA:271,1
DA:272,1
DA:274,1
DA:275,0
DA:276,0
DA:278,0
DA:279,0
DA:281,0
DA:282,0
DA:283,0
DA:284,0
DA:289,1
DA:297,1
DA:298,1
DA:299,1
DA:301,1
DA:303,3
LF:108
LH:43
end_of_record
SF:lib\features\bottom_navigation\presentation\view\home_view.dart
DA:8,3
DA:12,0
DA:14,0
DA:16,0
DA:17,0
DA:19,0
DA:20,0
DA:21,0
DA:36,0
DA:38,0
DA:39,0
LF:11
LH:1
end_of_record
SF:lib\features\bottom_navigation\presentation\view_model\home_cubit.dart
DA:6,0
DA:8,0
DA:9,0
LF:3
LH:0
end_of_record
SF:lib\features\bottom_navigation\presentation\view\bottom_view\booking_view.dart
DA:4,0
DA:6,0
DA:8,0
DA:9,0
DA:10,0
DA:13,0
DA:15,0
DA:17,0
DA:19,0
DA:20,0
DA:21,0
DA:22,0
DA:23,0
DA:26,0
DA:27,0
DA:28,0
DA:29,0
DA:30,0
DA:33,0
DA:35,0
DA:37,0
DA:40,0
DA:42,0
DA:43,0
DA:44,0
DA:45,0
DA:47,0
DA:48,0
DA:49,0
DA:53,0
DA:54,0
DA:55,0
DA:56,0
DA:57,0
DA:58,0
DA:70,0
DA:72,0
DA:74,0
DA:75,0
DA:76,0
DA:77,0
DA:78,0
DA:79,0
DA:80,0
DA:89,0
DA:91,0
DA:93,0
DA:94,0
DA:95,0
DA:96,0
DA:98,0
DA:99,0
DA:100,0
DA:101,0
DA:102,0
LF:55
LH:0
end_of_record
SF:lib\features\bottom_navigation\presentation\view\bottom_view\home_screen_view.dart
DA:4,0
DA:6,0
DA:7,0
DA:10,0
DA:12,0
DA:14,0
DA:15,0
DA:17,0
DA:19,0
DA:21,0
DA:29,0
DA:30,0
DA:31,0
DA:32,0
DA:36,0
DA:37,0
DA:38,0
DA:40,0
DA:42,0
DA:43,0
DA:44,0
DA:45,0
DA:47,0
DA:48,0
DA:50,0
DA:55,0
DA:61,0
DA:63,0
DA:64,0
DA:65,0
DA:67,0
DA:68,0
DA:69,0
DA:70,0
DA:72,0
DA:73,0
DA:74,0
DA:75,0
DA:82,0
DA:84,0
DA:86,0
DA:91,0
DA:93,0
DA:95,0
DA:97,0
DA:98,0
DA:103,0
DA:104,0
DA:109,0
DA:110,0
DA:118,0
DA:120,0
DA:122,0
DA:127,0
DA:129,0
DA:131,0
DA:133,0
DA:134,0
DA:139,0
DA:140,0
DA:145,0
DA:146,0
DA:166,0
DA:172,0
DA:174,0
DA:176,0
DA:178,0
DA:179,0
DA:180,0
DA:181,0
DA:182,0
DA:188,0
DA:189,0
DA:190,0
DA:191,0
DA:193,0
DA:194,0
DA:195,0
DA:196,0
DA:198,0
LF:80
LH:0
end_of_record
SF:lib\features\bottom_navigation\presentation\view\bottom_view\profile_view.dart
DA:4,0
DA:6,0
DA:8,0
DA:9,0
DA:17,0
DA:18,0
DA:26,0
DA:28,0
DA:30,0
DA:32,0
DA:34,0
DA:52,0
DA:53,0
DA:54,0
DA:56,0
DA:58,0
DA:59,0
DA:60,0
DA:63,0
DA:72,0
DA:74,0
DA:75,0
DA:76,0
DA:80,0
DA:82,0
DA:83,0
DA:91,0
DA:93,0
DA:94,0
DA:95,0
DA:99,0
DA:101,0
DA:102,0
DA:117,0
DA:118,0
DA:119,0
DA:120,0
DA:122,0
DA:123,0
DA:125,0
DA:126,0
DA:129,0
LF:42
LH:0
end_of_record
SF:lib\features\bottom_navigation\presentation\view_model\home_state.dart
DA:11,0
DA:17,0
DA:18,0
DA:20,0
DA:21,0
DA:22,0
DA:23,0
DA:28,0
DA:32,0
DA:33,0
DA:34,0
DA:38,0
DA:39,0
LF:13
LH:0
end_of_record
