SF:lib\core\error\failure.dart
DA:6,5
DA:8,0
DA:9,0
DA:11,1
DA:12,3
DA:16,0
DA:25,5
DA:32,0
LF:8
LH:4
end_of_record
SF:lib\features\auth\domain\entity\user_entity.dart
DA:13,2
DA:24,1
DA:25,1
DA:26,1
DA:27,1
LF:5
LH:5
end_of_record
SF:lib\features\auth\domain\use_case\create_user_usecase.dart
DA:18,1
DA:31,0
DA:32,0
DA:38,1
DA:40,1
DA:42,2
DA:43,1
DA:44,1
DA:45,1
DA:46,1
DA:47,1
DA:48,1
DA:49,1
DA:50,1
LF:14
LH:12
end_of_record
SF:lib\app\constants\api_endpoints.dart
DA:2,0
LF:1
LH:0
end_of_record
SF:lib\features\auth\data\data_source\remote_datasource\hotel_remote_datasource.dart
DA:9,0
DA:11,0
DA:14,0
DA:16,0
DA:17,0
DA:18,0
DA:19,0
DA:21,0
DA:24,0
LF:9
LH:0
end_of_record
SF:lib\features\auth\data\model\hotel_api_model.dart
DA:20,0
DA:31,0
DA:32,0
DA:34,0
DA:35,0
DA:36,0
DA:37,0
DA:38,0
DA:39,0
DA:40,0
DA:41,0
DA:42,0
DA:43,0
LF:13
LH:0
end_of_record
SF:lib\features\auth\data\model\hotel_api_model.g.dart
DA:9,0
DA:10,0
DA:11,0
DA:12,0
DA:13,0
DA:14,0
DA:15,0
DA:16,0
DA:18,0
DA:19,0
DA:22,0
DA:23,0
DA:24,0
DA:25,0
DA:26,0
DA:27,0
DA:28,0
DA:29,0
DA:30,0
DA:31,0
LF:20
LH:0
end_of_record
SF:lib\features\auth\domain\entity\hotel_entity.dart
DA:13,1
DA:24,0
DA:25,0
LF:3
LH:1
end_of_record
SF:lib\features\auth\domain\repository\hotel_repository.dart
DA:15,0
DA:17,0
DA:20,0
DA:21,0
DA:23,0
LF:5
LH:0
end_of_record
SF:lib\features\auth\domain\use_case\get_all_hotels_usecase.dart
DA:11,1
DA:13,1
DA:14,2
LF:3
LH:3
end_of_record
SF:lib\features\auth\domain\use_case\delte_contact_usecase.dart
DA:5,2
DA:7,2
DA:8,4
LF:3
LH:3
end_of_record
SF:lib\features\auth\domain\entity\contact_entity.dart
DA:8,5
LF:1
LH:1
end_of_record
SF:lib\features\auth\domain\use_case\delete_user_usecase.dart
DA:11,1
DA:13,0
DA:14,0
DA:20,1
DA:22,1
DA:24,3
LF:6
LH:4
end_of_record
SF:lib\features\auth\domain\use_case\get_all_contact_usecase.dart
DA:9,2
DA:11,2
DA:12,4
LF:3
LH:3
end_of_record
SF:lib\features\auth\domain\use_case\get_all_user_usecase.dart
DA:11,1
DA:13,1
DA:15,2
LF:3
LH:3
end_of_record
SF:lib\app\shared_prefs\token_shared_prefs.dart
DA:9,0
DA:11,0
DA:13,0
DA:16,0
DA:20,0
DA:22,0
DA:23,0
DA:25,0
LF:8
LH:0
end_of_record
SF:lib\features\auth\domain\use_case\login_usecase.dart
DA:12,1
DA:17,0
DA:21,0
DA:22,0
DA:29,1
DA:31,1
DA:33,6
DA:34,1
DA:35,2
DA:36,1
DA:37,2
DA:38,4
DA:39,1
DA:41,1
LF:14
LH:11
end_of_record
SF:lib\features\auth\domain\use_case\submit_contact_usecase.dart
DA:7,2
DA:9,2
DA:10,4
LF:3
LH:3
end_of_record
SF:lib\features\auth\domain\entity\booking_entity.dart
DA:17,2
LF:1
LH:1
end_of_record
SF:lib\features\auth\domain\use_case\get_user_bookings.dart
DA:9,2
DA:11,2
DA:12,4
LF:3
LH:3
end_of_record
SF:lib\features\auth\presentation\view\register_view.dart
DA:13,1
DA:15,1
DA:16,1
DA:26,0
DA:27,0
DA:28,0
DA:29,0
DA:33,0
DA:35,0
DA:37,0
DA:38,0
DA:39,0
DA:40,0
DA:45,0
DA:49,1
DA:51,1
DA:52,1
DA:53,1
DA:54,1
DA:55,1
DA:56,1
DA:58,1
DA:60,1
DA:86,1
DA:87,1
DA:88,1
DA:89,1
DA:90,1
DA:91,1
DA:92,1
DA:100,2
DA:102,1
DA:105,1
DA:106,1
DA:107,0
DA:108,0
DA:109,0
DA:110,0
DA:115,1
DA:116,0
DA:117,0
DA:118,0
DA:128,1
DA:131,1
DA:133,1
DA:135,1
DA:136,0
DA:137,0
DA:147,1
DA:150,1
DA:151,1
DA:168,1
DA:169,1
DA:175,1
DA:176,1
DA:182,1
DA:183,1
DA:189,1
DA:191,1
DA:192,3
DA:193,0
DA:194,0
DA:202,0
DA:203,0
DA:204,0
DA:205,0
DA:207,0
DA:208,0
DA:209,0
DA:214,0
DA:215,0
DA:216,0
DA:217,0
DA:218,0
DA:228,1
DA:230,1
DA:231,0
DA:249,1
DA:250,1
DA:253,0
DA:256,0
DA:262,1
DA:263,1
DA:269,1
DA:270,1
LF:85
LH:48
end_of_record
SF:lib\features\auth\presentation\view_model\signup\register_event.dart
DA:4,1
DA:6,0
DA:7,0
DA:13,1
DA:25,1
DA:38,0
LF:6
LH:3
end_of_record
SF:lib\features\auth\presentation\view_model\signup\register_bloc.dart
DA:18,0
DA:23,0
DA:24,0
DA:25,0
DA:34,0
DA:36,0
DA:38,0
DA:39,0
DA:40,0
DA:41,0
DA:42,0
DA:45,0
DA:48,0
DA:49,0
DA:50,0
DA:51,0
DA:52,0
DA:53,0
DA:58,0
DA:62,0
DA:63,0
DA:64,0
DA:65,0
DA:69,0
DA:70,0
DA:71,0
DA:72,0
LF:27
LH:0
end_of_record
SF:lib\features\auth\presentation\view_model\signup\register_state.dart
DA:9,1
DA:16,1
DA:25,0
DA:31,0
DA:32,0
DA:33,0
DA:34,0
DA:35,0
DA:39,0
DA:40,0
LF:10
LH:2
end_of_record
SF:lib\core\common\snackbar\my_snackbar.dart
DA:3,0
DA:8,0
DA:10,0
DA:11,0
DA:12,0
LF:5
LH:0
end_of_record
SF:lib\core\common\widgets\custom_elevated_button.dart
DA:13,1
DA:25,1
DA:27,1
DA:28,1
DA:29,1
DA:30,1
DA:31,1
DA:32,1
DA:33,2
DA:37,1
DA:38,2
DA:40,2
DA:42,1
DA:43,1
DA:44,1
DA:45,1
DA:47,1
DA:48,1
LF:18
LH:18
end_of_record
SF:lib\core\common\widgets\custom_text_field.dart
DA:11,1
DA:21,1
DA:23,1
DA:24,1
DA:25,1
DA:26,1
DA:27,1
DA:29,1
DA:33,1
DA:34,1
DA:37,1
DA:38,1
DA:42,1
DA:44,1
DA:45,0
LF:15
LH:14
end_of_record
SF:lib\features\auth\domain\use_case\upload_image_usecase.dart
DA:12,0
DA:21,0
DA:23,0
DA:25,0
LF:4
LH:0
end_of_record
SF:lib\features\dashboard1\Bottom_Screen\view_model\contact_bloc_view.dart
DA:11,3
DA:12,2
DA:13,2
DA:15,3
DA:17,2
DA:19,2
DA:22,2
LF:7
LH:7
end_of_record
SF:lib\features\dashboard1\Bottom_Screen\view_model\contact_event.dart
DA:10,1
LF:1
LH:1
end_of_record
SF:lib\features\dashboard1\Bottom_Screen\view_model\contact_state.dart
DA:11,1
LF:1
LH:1
end_of_record
SF:lib\features\dashboard1\Bottom_Screen\contact_view.dart
DA:10,1
DA:12,1
DA:13,1
DA:23,0
DA:24,0
DA:25,0
DA:26,0
DA:27,0
DA:30,1
DA:32,1
DA:33,1
DA:42,1
DA:43,1
DA:45,1
DA:46,1
DA:48,1
DA:49,0
DA:50,0
DA:51,0
DA:57,0
DA:58,0
DA:59,0
DA:60,0
DA:61,0
DA:67,1
DA:68,1
DA:73,1
DA:82,1
DA:83,1
DA:85,2
DA:86,1
DA:88,1
DA:89,1
DA:103,1
DA:104,1
DA:105,1
DA:113,1
DA:114,1
DA:116,1
DA:117,1
DA:118,1
DA:120,1
DA:127,1
DA:128,1
DA:130,2
DA:131,1
DA:133,1
DA:134,1
DA:135,1
DA:136,1
DA:142,2
DA:143,2
DA:144,2
DA:145,2
DA:148,1
DA:149,1
DA:153,1
DA:154,1
DA:156,0
DA:157,0
DA:158,0
DA:159,0
DA:160,0
DA:161,0
DA:162,0
DA:165,0
DA:166,0
DA:167,0
DA:170,1
DA:188,1
DA:191,1
DA:193,1
DA:196,0
DA:197,0
DA:198,1
DA:200,1
DA:201,1
DA:203,1
DA:204,1
LF:79
LH:54
end_of_record
